This is pdfTeX, Version 3.14159265-2.6-1.40.20 (MiKTeX 2.9.6980) (preloaded format=pdflatex 2019.4.7)  30 AUG 2019 12:35
entering extended mode
**"./European Option-1.tex"
("European Option-1.tex"
LaTeX2e <2018-12-01>

("/Users/jezdufourq/Library/Application Support/MiKTeX/texmfs/install/tex/latex
/base/article.cls"
Document Class: article 2018/09/03 v1.4i Standard LaTeX document class

("/Users/jezdufourq/Library/Application Support/MiKTeX/texmfs/install/tex/latex
/base/size12.clo"
File: size12.clo 2018/09/03 v1.4i Standard LaTeX file (size option)
)
\c@part=\count80
\c@section=\count81
\c@subsection=\count82
\c@subsubsection=\count83
\c@paragraph=\count84
\c@subparagraph=\count85
\c@figure=\count86
\c@table=\count87
\abovecaptionskip=\skip41
\belowcaptionskip=\skip42
\bibindent=\dimen102
)
("/Users/jezdufourq/Library/Application Support/MiKTeX/texmfs/install/tex/latex
/lipsum/lipsum.sty"
("/Users/jezdufourq/Library/Application Support/MiKTeX/texmfs/install/tex/latex
/l3kernel/expl3.sty"
Package: expl3 2019-04-06 L3 programming layer (loader) 

("/Users/jezdufourq/Library/Application Support/MiKTeX/texmfs/install/tex/latex
/l3kernel/expl3-code.tex"
Package: expl3 2019-04-06 L3 programming layer (code)
\c_max_int=\count88
\l_tmpa_int=\count89
\l_tmpb_int=\count90
\g_tmpa_int=\count91
\g_tmpb_int=\count92
\g__kernel_prg_map_int=\count93
\c__ior_term_ior=\count94
\c_log_iow=\count95
\l_iow_line_count_int=\count96
\l__iow_line_target_int=\count97
\l__iow_one_indent_int=\count98
\l__iow_indent_int=\count99
\c_zero_dim=\dimen103
\c_max_dim=\dimen104
\l_tmpa_dim=\dimen105
\l_tmpb_dim=\dimen106
\g_tmpa_dim=\dimen107
\g_tmpb_dim=\dimen108
\c_zero_skip=\skip43
\c_max_skip=\skip44
\l_tmpa_skip=\skip45
\l_tmpb_skip=\skip46
\g_tmpa_skip=\skip47
\g_tmpb_skip=\skip48
\c_zero_muskip=\muskip10
\c_max_muskip=\muskip11
\l_tmpa_muskip=\muskip12
\l_tmpb_muskip=\muskip13
\g_tmpa_muskip=\muskip14
\g_tmpb_muskip=\muskip15
\l_keys_choice_int=\count100
\l__intarray_loop_int=\count101
\c__intarray_sp_dim=\dimen109
\g__intarray_font_int=\count102
\c__fp_leading_shift_int=\count103
\c__fp_middle_shift_int=\count104
\c__fp_trailing_shift_int=\count105
\c__fp_big_leading_shift_int=\count106
\c__fp_big_middle_shift_int=\count107
\c__fp_big_trailing_shift_int=\count108
\c__fp_Bigg_leading_shift_int=\count109
\c__fp_Bigg_middle_shift_int=\count110
\c__fp_Bigg_trailing_shift_int=\count111
\c__kernel_randint_max_int=\count112
\g__fp_array_int=\count113
\l__fp_array_loop_int=\count114
\l__sort_length_int=\count115
\l__sort_min_int=\count116
\l__sort_top_int=\count117
\l__sort_max_int=\count118
\l__sort_true_max_int=\count119
\l__sort_block_int=\count120
\l__sort_begin_int=\count121
\l__sort_end_int=\count122
\l__sort_A_int=\count123
\l__sort_B_int=\count124
\l__sort_C_int=\count125
\l__tl_analysis_normal_int=\count126
\l__tl_analysis_index_int=\count127
\l__tl_analysis_nesting_int=\count128
\l__tl_analysis_type_int=\count129
\l__regex_internal_a_int=\count130
\l__regex_internal_b_int=\count131
\l__regex_internal_c_int=\count132
\l__regex_balance_int=\count133
\l__regex_group_level_int=\count134
\l__regex_mode_int=\count135
\c__regex_cs_in_class_mode_int=\count136
\c__regex_cs_mode_int=\count137
\l__regex_catcodes_int=\count138
\l__regex_default_catcodes_int=\count139
\c__regex_catcode_D_int=\count140
\c__regex_catcode_S_int=\count141
\c__regex_catcode_L_int=\count142
\c__regex_catcode_O_int=\count143
\c__regex_catcode_A_int=\count144
\c__regex_all_catcodes_int=\count145
\l__regex_show_lines_int=\count146
\l__regex_min_state_int=\count147
\l__regex_max_state_int=\count148
\l__regex_left_state_int=\count149
\l__regex_right_state_int=\count150
\l__regex_capturing_group_int=\count151
\l__regex_min_pos_int=\count152
\l__regex_max_pos_int=\count153
\l__regex_curr_pos_int=\count154
\l__regex_start_pos_int=\count155
\l__regex_success_pos_int=\count156
\l__regex_curr_char_int=\count157
\l__regex_curr_catcode_int=\count158
\l__regex_last_char_int=\count159
\l__regex_case_changed_char_int=\count160
\l__regex_curr_state_int=\count161
\l__regex_step_int=\count162
\l__regex_min_active_int=\count163
\l__regex_max_active_int=\count164
\l__regex_replacement_csnames_int=\count165
\l__regex_match_count_int=\count166
\l__regex_min_submatch_int=\count167
\l__regex_submatch_int=\count168
\l__regex_zeroth_submatch_int=\count169
\g__regex_trace_regex_int=\count170
\c_empty_box=\box27
\l_tmpa_box=\box28
\l_tmpb_box=\box29
\g_tmpa_box=\box30
\g_tmpb_box=\box31
\l__box_top_dim=\dimen110
\l__box_bottom_dim=\dimen111
\l__box_left_dim=\dimen112
\l__box_right_dim=\dimen113
\l__box_top_new_dim=\dimen114
\l__box_bottom_new_dim=\dimen115
\l__box_left_new_dim=\dimen116
\l__box_right_new_dim=\dimen117
\l__box_internal_box=\box32
\l__coffin_internal_box=\box33
\l__coffin_internal_dim=\dimen118
\l__coffin_offset_x_dim=\dimen119
\l__coffin_offset_y_dim=\dimen120
\l__coffin_x_dim=\dimen121
\l__coffin_y_dim=\dimen122
\l__coffin_x_prime_dim=\dimen123
\l__coffin_y_prime_dim=\dimen124
\c_empty_coffin=\box34
\l__coffin_aligned_coffin=\box35
\l__coffin_aligned_internal_coffin=\box36
\l_tmpa_coffin=\box37
\l_tmpb_coffin=\box38
\g_tmpa_coffin=\box39
\g_tmpb_coffin=\box40
\l__coffin_bounding_shift_dim=\dimen125
\l__coffin_left_corner_dim=\dimen126
\l__coffin_right_corner_dim=\dimen127
\l__coffin_bottom_corner_dim=\dimen128
\l__coffin_top_corner_dim=\dimen129
\l__coffin_scaled_total_height_dim=\dimen130
\l__coffin_scaled_width_dim=\dimen131
\c__coffin_empty_coffin=\box41
\l__coffin_display_coffin=\box42
\l__coffin_display_coord_coffin=\box43
\l__coffin_display_pole_coffin=\box44
\l__coffin_display_offset_dim=\dimen132
\l__coffin_display_x_dim=\dimen133
\l__coffin_display_y_dim=\dimen134
\g__file_internal_ior=\read1
\l__seq_internal_a_int=\count171
\l__seq_internal_b_int=\count172
\c__deprecation_minus_one=\count173
)
("/Users/jezdufourq/Library/Application Support/MiKTeX/texmfs/install/tex/latex
/l3kernel/l3pdfmode.def"
File: l3pdfmode.def 2019-04-06 v L3 Experimental driver: PDF mode
\l__driver_color_stack_int=\count174
))
("/Users/jezdufourq/Library/Application Support/MiKTeX/texmfs/install/tex/latex
/l3packages/xparse/xparse.sty"
Package: xparse 2019-03-05 L3 Experimental document command parser
\l__xparse_current_arg_int=\count175
\g__xparse_grabber_int=\count176
\l__xparse_m_args_int=\count177
\l__xparse_v_nesting_int=\count178
)
Package: lipsum 2019/01/02 v2.2 150 paragraphs of Lorem Ipsum dummy text

("/Users/jezdufourq/Library/Application Support/MiKTeX/texmfs/install/tex/latex
/lipsum/lipsum.ltd.tex"
File: lipsum.ltd.tex 2019/01/02 v2.2 The Lorem ipsum dummy text
))
("/Users/jezdufourq/Library/Application Support/MiKTeX/texmfs/install/tex/latex
/amsmath/amsmath.sty"
Package: amsmath 2018/12/01 v2.17b AMS math features
\@mathmargin=\skip49

For additional information on amsmath, use the `?' option.

("/Users/jezdufourq/Library/Application Support/MiKTeX/texmfs/install/tex/latex
/amsmath/amstext.sty"
Package: amstext 2000/06/29 v2.01 AMS text

("/Users/jezdufourq/Library/Application Support/MiKTeX/texmfs/install/tex/latex
/amsmath/amsgen.sty"
File: amsgen.sty 1999/11/30 v2.0 generic functions
\@emptytoks=\toks14
\ex@=\dimen135
))
("/Users/jezdufourq/Library/Application Support/MiKTeX/texmfs/install/tex/latex
/amsmath/amsbsy.sty"
Package: amsbsy 1999/11/29 v1.2d Bold Symbols
\pmbraise@=\dimen136
)
("/Users/jezdufourq/Library/Application Support/MiKTeX/texmfs/install/tex/latex
/amsmath/amsopn.sty"
Package: amsopn 2016/03/08 v2.02 operator names
)
\inf@bad=\count179
LaTeX Info: Redefining \frac on input line 223.
\uproot@=\count180
\leftroot@=\count181
LaTeX Info: Redefining \overline on input line 385.
\classnum@=\count182
\DOTSCASE@=\count183
LaTeX Info: Redefining \ldots on input line 482.
LaTeX Info: Redefining \dots on input line 485.
LaTeX Info: Redefining \cdots on input line 606.
\Mathstrutbox@=\box45
\strutbox@=\box46
\big@size=\dimen137
LaTeX Font Info:    Redeclaring font encoding OML on input line 729.
LaTeX Font Info:    Redeclaring font encoding OMS on input line 730.
\macc@depth=\count184
\c@MaxMatrixCols=\count185
\dotsspace@=\muskip16
\c@parentequation=\count186
\dspbrk@lvl=\count187
\tag@help=\toks15
\row@=\count188
\column@=\count189
\maxfields@=\count190
\andhelp@=\toks16
\eqnshift@=\dimen138
\alignsep@=\dimen139
\tagshift@=\dimen140
\tagwidth@=\dimen141
\totwidth@=\dimen142
\lineht@=\dimen143
\@envbody=\toks17
\multlinegap=\skip50
\multlinetaggap=\skip51
\mathdisplay@stack=\toks18
LaTeX Info: Redefining \[ on input line 2844.
LaTeX Info: Redefining \] on input line 2845.
)
("/Users/jezdufourq/Library/Application Support/MiKTeX/texmfs/install/tex/latex
/amsfonts/amssymb.sty"
Package: amssymb 2013/01/14 v3.01 AMS font symbols

("/Users/jezdufourq/Library/Application Support/MiKTeX/texmfs/install/tex/latex
/amsfonts/amsfonts.sty"
Package: amsfonts 2013/01/14 v3.01 Basic AMSFonts support
\symAMSa=\mathgroup4
\symAMSb=\mathgroup5
LaTeX Font Info:    Overwriting math alphabet `\mathfrak' in version `bold'
(Font)                  U/euf/m/n --> U/euf/b/n on input line 106.
))
("/Users/jezdufourq/Library/Application Support/MiKTeX/texmfs/install/tex/latex
/geometry-de/geometry.sty"
Package: geometry 2010/09/12 v5.6 Page Geometry

("/Users/jezdufourq/Library/Application Support/MiKTeX/texmfs/install/tex/latex
/graphics/keyval.sty"
Package: keyval 2014/10/28 v1.15 key=value parser (DPC)
\KV@toks@=\toks19
)
("/Users/jezdufourq/Library/Application Support/MiKTeX/texmfs/install/tex/gener
ic/oberdiek/ifpdf.sty"
Package: ifpdf 2018/09/07 v3.3 Provides the ifpdf switch
)
("/Users/jezdufourq/Library/Application Support/MiKTeX/texmfs/install/tex/gener
ic/oberdiek/ifvtex.sty"
Package: ifvtex 2016/05/16 v1.6 Detect VTeX and its facilities (HO)
Package ifvtex Info: VTeX not detected.
)
("/Users/jezdufourq/Library/Application Support/MiKTeX/texmfs/install/tex/gener
ic/ifxetex/ifxetex.sty"
Package: ifxetex 2010/09/12 v0.6 Provides ifxetex conditional
)
\Gm@cnth=\count191
\Gm@cntv=\count192
\c@Gm@tempcnt=\count193
\Gm@bindingoffset=\dimen144
\Gm@wd@mp=\dimen145
\Gm@odd@mp=\dimen146
\Gm@even@mp=\dimen147
\Gm@layoutwidth=\dimen148
\Gm@layoutheight=\dimen149
\Gm@layouthoffset=\dimen150
\Gm@layoutvoffset=\dimen151
\Gm@dimlist=\toks20

("/Users/jezdufourq/Library/Application Support/MiKTeX/texmfs/install/tex/latex
/geometry/geometry.cfg"))
("/Users/jezdufourq/Library/Application Support/MiKTeX/texmfs/install/tex/latex
/float/float.sty"
Package: float 2001/11/08 v1.3d Float enhancements (AL)
\c@float@type=\count194
\float@exts=\toks21
\float@box=\box47
\@float@everytoks=\toks22
\@floatcapt=\box48
)
("/Users/jezdufourq/Library/Application Support/MiKTeX/texmfs/install/tex/latex
/graphics/graphicx.sty"
Package: graphicx 2017/06/01 v1.1a Enhanced LaTeX Graphics (DPC,SPQR)

("/Users/jezdufourq/Library/Application Support/MiKTeX/texmfs/install/tex/latex
/graphics/graphics.sty"
Package: graphics 2017/06/25 v1.2c Standard LaTeX Graphics (DPC,SPQR)

("/Users/jezdufourq/Library/Application Support/MiKTeX/texmfs/install/tex/latex
/graphics/trig.sty"
Package: trig 2016/01/03 v1.10 sin cos tan (DPC)
)
("/Users/jezdufourq/Library/Application Support/MiKTeX/texmfs/install/tex/latex
/graphics-cfg/graphics.cfg"
File: graphics.cfg 2016/06/04 v1.11 sample graphics configuration
)
Package graphics Info: Driver file: pdftex.def on input line 99.

("/Users/jezdufourq/Library/Application Support/MiKTeX/texmfs/install/tex/latex
/graphics-def/pdftex.def"
File: pdftex.def 2018/01/08 v1.0l Graphics/color driver for pdftex
))
\Gin@req@height=\dimen152
\Gin@req@width=\dimen153
)
("/Users/jezdufourq/Library/Application Support/MiKTeX/texmfs/install/tex/latex
/multirow/multirow.sty"
Package: multirow 2019/01/01 v2.4 Span multiple rows of a table
\multirow@colwidth=\skip52
\multirow@cntb=\count195
\multirow@dima=\skip53
\bigstrutjot=\dimen154
)
("/Users/jezdufourq/Library/Application Support/MiKTeX/texmfs/install/tex/latex
/preprint/fullpage.sty"
Package: fullpage 1999/02/23 1.1 (PWD)
\FP@margin=\skip54
)
("/Users/jezdufourq/Library/Application Support/MiKTeX/texmfs/install/tex/latex
/fancyhdr/fancyhdr.sty"
Package: fancyhdr 2019/01/31 v3.10 Extensive control of page headers and footer
s
\f@nch@headwidth=\skip55
\f@nch@O@elh=\skip56
\f@nch@O@erh=\skip57
\f@nch@O@olh=\skip58
\f@nch@O@orh=\skip59
\f@nch@O@elf=\skip60
\f@nch@O@erf=\skip61
\f@nch@O@olf=\skip62
\f@nch@O@orf=\skip63
)
("/Users/jezdufourq/Library/Application Support/MiKTeX/texmfs/install/tex/latex
/lastpage/lastpage.sty"
Package: lastpage 2015/03/29 v1.2m Refers to last page's name (HMM; JPG)
)
("/Users/jezdufourq/Library/Application Support/MiKTeX/texmfs/install/tex/latex
/tools/array.sty"
Package: array 2018/12/30 v2.4k Tabular extension package (FMi)
\col@sep=\dimen155
\ar@mcellbox=\box49
\extrarowheight=\dimen156
\NC@list=\toks23
\extratabsurround=\skip64
\backup@length=\skip65
\ar@cellbox=\box50
)
("/Users/jezdufourq/Library/Application Support/MiKTeX/texmfs/install/tex/latex
/listings/listings.sty"
\lst@mode=\count196
\lst@gtempboxa=\box51
\lst@token=\toks24
\lst@length=\count197
\lst@currlwidth=\dimen157
\lst@column=\count198
\lst@pos=\count199
\lst@lostspace=\dimen158
\lst@width=\dimen159
\lst@newlines=\count266
\lst@lineno=\count267
\lst@maxwidth=\dimen160

("/Users/jezdufourq/Library/Application Support/MiKTeX/texmfs/install/tex/latex
/listings/lstmisc.sty"
File: lstmisc.sty 2019/02/27 1.8b (Carsten Heinz)
\c@lstnumber=\count268
\lst@skipnumbers=\count269
\lst@framebox=\box52
)
("/Users/jezdufourq/Library/Application Support/MiKTeX/texmfs/install/tex/latex
/listings/listings.cfg"
File: listings.cfg 2019/02/27 1.8b listings configuration
))
Package: listings 2019/02/27 1.8b (Carsten Heinz)

("/Users/jezdufourq/Library/Application Support/MiKTeX/texmfs/install/tex/latex
/xcolor/xcolor.sty"
Package: xcolor 2016/05/11 v2.12 LaTeX color extensions (UK)

("/Users/jezdufourq/Library/Application Support/MiKTeX/texmfs/install/tex/latex
/graphics-cfg/color.cfg"
File: color.cfg 2016/01/02 v1.6 sample color configuration
)
Package xcolor Info: Driver file: pdftex.def on input line 225.
Package xcolor Info: Model `cmy' substituted by `cmy0' on input line 1348.
Package xcolor Info: Model `hsb' substituted by `rgb' on input line 1352.
Package xcolor Info: Model `RGB' extended on input line 1364.
Package xcolor Info: Model `HTML' substituted by `rgb' on input line 1366.
Package xcolor Info: Model `Hsb' substituted by `hsb' on input line 1367.
Package xcolor Info: Model `tHsb' substituted by `hsb' on input line 1368.
Package xcolor Info: Model `HSB' substituted by `hsb' on input line 1369.
Package xcolor Info: Model `Gray' substituted by `gray' on input line 1370.
Package xcolor Info: Model `wave' substituted by `hsb' on input line 1371.
)
("/Users/jezdufourq/Library/Application Support/MiKTeX/texmfs/install/tex/latex
/cite/cite.sty"
LaTeX Info: Redefining \cite on input line 302.
LaTeX Info: Redefining \nocite on input line 332.
Package: cite 2015/02/27  v 5.5
)
("/Users/jezdufourq/Library/Application Support/MiKTeX/texmfs/install/tex/latex
/algorithms/algorithm.sty"
Package: algorithm 2009/08/24 v0.1 Document Style `algorithm' - floating enviro
nment

("/Users/jezdufourq/Library/Application Support/MiKTeX/texmfs/install/tex/latex
/base/ifthen.sty"
Package: ifthen 2014/09/29 v1.1c Standard LaTeX ifthen package (DPC)
)
\@float@every@algorithm=\toks25
\c@algorithm=\count270
)
("/Users/jezdufourq/Library/Application Support/MiKTeX/texmfs/install/tex/latex
/algorithms/algorithmic.sty"
Package: algorithmic 2009/08/24 v0.1 Document Style `algorithmic'
\c@ALC@unique=\count271
\c@ALC@line=\count272
\c@ALC@rem=\count273
\c@ALC@depth=\count274
\ALC@tlm=\skip66
\algorithmicindent=\skip67
)
("/Users/jezdufourq/Library/Application Support/MiKTeX/texmfs/install/tex/latex
/mathtools/mathtools.sty"
Package: mathtools 2019/07/31 v1.22 mathematical typesetting tools

("/Users/jezdufourq/Library/Application Support/MiKTeX/texmfs/install/tex/latex
/tools/calc.sty"
Package: calc 2017/05/25 v4.3 Infix arithmetic (KKT,FJ)
\calc@Acount=\count275
\calc@Bcount=\count276
\calc@Adimen=\dimen161
\calc@Bdimen=\dimen162
\calc@Askip=\skip68
\calc@Bskip=\skip69
LaTeX Info: Redefining \setlength on input line 80.
LaTeX Info: Redefining \addtolength on input line 81.
\calc@Ccount=\count277
\calc@Cskip=\skip70
)
("/Users/jezdufourq/Library/Application Support/MiKTeX/texmfs/install/tex/latex
/mathtools/mhsetup.sty"
Package: mhsetup 2017/03/31 v1.3 programming setup (MH)
)
LaTeX Info: Thecontrolsequence`\('isalreadyrobust on input line 129.
LaTeX Info: Thecontrolsequence`\)'isalreadyrobust on input line 129.
LaTeX Info: Thecontrolsequence`\['isalreadyrobust on input line 129.
LaTeX Info: Thecontrolsequence`\]'isalreadyrobust on input line 129.
\g_MT_multlinerow_int=\count278
\l_MT_multwidth_dim=\dimen163
\origjot=\skip71
\l_MT_shortvdotswithinadjustabove_dim=\dimen164
\l_MT_shortvdotswithinadjustbelow_dim=\dimen165
\l_MT_above_intertext_sep=\dimen166
\l_MT_below_intertext_sep=\dimen167
\l_MT_above_shortintertext_sep=\dimen168
\l_MT_below_shortintertext_sep=\dimen169
)
("/Users/jezdufourq/Library/Application Support/MiKTeX/texmfs/install/tex/latex
/listings/lstlang1.sty"
File: lstlang1.sty 2019/02/27 1.8b listings language file
)
("/Users/jezdufourq/Library/Application Support/MiKTeX/texmfs/install/tex/latex
/listings/lstlang1.sty"
File: lstlang1.sty 2019/02/27 1.8b listings language file
)
("/Users/jezdufourq/Library/Application Support/MiKTeX/texmfs/install/tex/latex
/listings/lstmisc.sty"
File: lstmisc.sty 2019/02/27 1.8b (Carsten Heinz)
) ("European Option-1.aux")
\openout1 = `"European Option-1.aux"'.

LaTeX Font Info:    Checking defaults for OML/cmm/m/it on input line 53.
LaTeX Font Info:    ... okay on input line 53.
LaTeX Font Info:    Checking defaults for T1/cmr/m/n on input line 53.
LaTeX Font Info:    ... okay on input line 53.
LaTeX Font Info:    Checking defaults for OT1/cmr/m/n on input line 53.
LaTeX Font Info:    ... okay on input line 53.
LaTeX Font Info:    Checking defaults for OMS/cmsy/m/n on input line 53.
LaTeX Font Info:    ... okay on input line 53.
LaTeX Font Info:    Checking defaults for OMX/cmex/m/n on input line 53.
LaTeX Font Info:    ... okay on input line 53.
LaTeX Font Info:    Checking defaults for U/cmr/m/n on input line 53.
LaTeX Font Info:    ... okay on input line 53.

*geometry* driver: auto-detecting
*geometry* detected driver: pdftex
*geometry* verbose mode - [ preamble ] result:
* driver: pdftex
* paper: <default>
* layout: <same size as paper>
* layoutoffset:(h,v)=(0.0pt,0.0pt)
* modes: 
* h-part:(L,W,R)=(56.9055pt, 500.484pt, 56.9055pt)
* v-part:(T,H,B)=(56.9055pt, 681.15898pt, 56.9055pt)
* \paperwidth=614.295pt
* \paperheight=794.96999pt
* \textwidth=469.75502pt
* \textheight=583.43001pt
* \oddsidemargin=0.0pt
* \evensidemargin=0.0pt
* \topmargin=0.0pt
* \headheight=15.2pt
* \headsep=25.0pt
* \topskip=12.0pt
* \footskip=30.0pt
* \marginparwidth=44.0pt
* \marginparsep=10.0pt
* \columnsep=10.0pt
* \skip\footins=10.8pt plus 4.0pt minus 2.0pt
* \hoffset=0.0pt
* \voffset=0.0pt
* \mag=1000
* \@twocolumnfalse
* \@twosidefalse
* \@mparswitchfalse
* \@reversemarginfalse
* (1in=72.27pt=25.4mm, 1cm=28.453pt)


("/Users/jezdufourq/Library/Application Support/MiKTeX/texmfs/install/tex/conte
xt/base/mkii/supp-pdf.mkii"
[Loading MPS to PDF converter (version 2006.09.02).]
\scratchcounter=\count279
\scratchdimen=\dimen170
\scratchbox=\box53
\nofMPsegments=\count280
\nofMParguments=\count281
\everyMPshowfont=\toks26
\MPscratchCnt=\count282
\MPscratchDim=\dimen171
\MPnumerator=\count283
\makeMPintoPDFobject=\count284
\everyMPtoPDFconversion=\toks27
)
("/Users/jezdufourq/Library/Application Support/MiKTeX/texmfs/install/tex/latex
/oberdiek/epstopdf-base.sty"
Package: epstopdf-base 2016/05/15 v2.6 Base part for package epstopdf

("/Users/jezdufourq/Library/Application Support/MiKTeX/texmfs/install/tex/gener
ic/oberdiek/infwarerr.sty"
Package: infwarerr 2016/05/16 v1.4 Providing info/warning/error messages (HO)
)
("/Users/jezdufourq/Library/Application Support/MiKTeX/texmfs/install/tex/latex
/oberdiek/grfext.sty"
Package: grfext 2016/05/16 v1.2 Manage graphics extensions (HO)

("/Users/jezdufourq/Library/Application Support/MiKTeX/texmfs/install/tex/gener
ic/oberdiek/kvdefinekeys.sty"
Package: kvdefinekeys 2016/05/16 v1.4 Define keys (HO)

("/Users/jezdufourq/Library/Application Support/MiKTeX/texmfs/install/tex/gener
ic/oberdiek/ltxcmds.sty"
Package: ltxcmds 2016/05/16 v1.23 LaTeX kernel commands for general use (HO)
)))
("/Users/jezdufourq/Library/Application Support/MiKTeX/texmfs/install/tex/latex
/oberdiek/kvoptions.sty"
Package: kvoptions 2016/05/16 v3.12 Key value format for package options (HO)

("/Users/jezdufourq/Library/Application Support/MiKTeX/texmfs/install/tex/gener
ic/oberdiek/kvsetkeys.sty"
Package: kvsetkeys 2016/05/16 v1.17 Key value parser (HO)

("/Users/jezdufourq/Library/Application Support/MiKTeX/texmfs/install/tex/gener
ic/oberdiek/etexcmds.sty"
Package: etexcmds 2016/05/16 v1.6 Avoid name clashes with e-TeX commands (HO)

("/Users/jezdufourq/Library/Application Support/MiKTeX/texmfs/install/tex/gener
ic/oberdiek/ifluatex.sty"
Package: ifluatex 2016/05/16 v1.4 Provides the ifluatex switch (HO)
Package ifluatex Info: LuaTeX not detected.
))))
("/Users/jezdufourq/Library/Application Support/MiKTeX/texmfs/install/tex/gener
ic/oberdiek/pdftexcmds.sty"
Package: pdftexcmds 2018/09/10 v0.29 Utility functions of pdfTeX for LuaTeX (HO
)
Package pdftexcmds Info: LuaTeX not detected.
Package pdftexcmds Info: \pdf@primitive is available.
Package pdftexcmds Info: \pdf@ifprimitive is available.
Package pdftexcmds Info: \pdfdraftmode found.
)
Package epstopdf-base Info: Redefining graphics rule for `.eps' on input line 4
38.
Package grfext Info: Graphics extension search list:
(grfext)             [.pdf,.png,.jpg,.mps,.jpeg,.jbig2,.jb2,.PDF,.PNG,.JPG,.JPE
G,.JBIG2,.JB2,.eps]
(grfext)             \AppendGraphicsExtensions on input line 456.
)
Package lastpage Info: Please have a look at the pageslts package at
(lastpage)             https://www.ctan.org/pkg/pageslts
(lastpage)             ! on input line 53.
\c@lstlisting=\count285
 [1

{/Users/jezdufourq/Library/Application Support/MiKTeX/texmfs/data/pdftex/config
/pdftex.map}] ("European Option-1.toc"
LaTeX Font Info:    Try loading font information for U+msa on input line 4.

("/Users/jezdufourq/Library/Application Support/MiKTeX/texmfs/install/tex/latex
/amsfonts/umsa.fd"
File: umsa.fd 2013/01/14 v3.01 AMS symbols A
)
LaTeX Font Info:    Try loading font information for U+msb on input line 4.

("/Users/jezdufourq/Library/Application Support/MiKTeX/texmfs/install/tex/latex
/amsfonts/umsb.fd"
File: umsb.fd 2013/01/14 v3.01 AMS symbols B
))
\tf@toc=\write3
\openout3 = `"European Option-1.toc"'.

 [1] [2] [3] [4] [5] [6] [7] [8] [9] [10] [11] [12]
Overfull \hbox (66.8428pt too wide) detected at line 496
[]
 []

[13] [14] 
AED: lastpage setting LastPage
[15] ("European Option-1.aux") ) 
Here is how much of TeX's memory you used:
 15911 strings out of 494865
 283093 string characters out of 3176330
 664904 words of memory out of 3000000
 19420 multiletter control sequences out of 15000+200000
 541584 words of font info for 57 fonts, out of 3000000 for 9000
 0 hyphenation exceptions out of 8191
 41i,14n,63p,656b,1816s stack positions out of 5000i,500n,10000p,200000b,50000s
</Users/jezdufourq/Library/Application Support/
MiKTeX/texmfs/install/fonts/type1/public/amsfonts/cm/cmbx12.pfb></Users/jezdufo
urq/Library/Application Support/MiKTeX/texmfs/install/fonts/type1/public/amsfon
ts/cm/cmbxti10.pfb></Users/jezdufourq/Library/Application Support/MiKTeX/texmfs
/install/fonts/type1/public/amsfonts/cm/cmcsc10.pfb></Users/jezdufourq/Library/
Application Support/MiKTeX/texmfs/install/fonts/type1/public/amsfonts/cm/cmex10
.pfb></Users/jezdufourq/Library/Application Support/MiKTeX/texmfs/install/fonts
/type1/public/amsfonts/cm/cmmi12.pfb></Users/jezdufourq/Library/Application Sup
port/MiKTeX/texmfs/install/fonts/type1/public/amsfonts/cm/cmmi6.pfb></Users/jez
dufourq/Library/Application Support/MiKTeX/texmfs/install/fonts/type1/public/am
sfonts/cm/cmmi8.pfb></Users/jezdufourq/Library/Application Support/MiKTeX/texmf
s/install/fonts/type1/public/amsfonts/cm/cmr12.pfb></Users/jezdufourq/Library/A
pplication Support/MiKTeX/texmfs/install/fonts/type1/public/amsfonts/cm/cmr6.pf
b></Users/jezdufourq/Library/Application Support/MiKTeX/texmfs/install/fonts/ty
pe1/public/amsfonts/cm/cmr8.pfb></Users/jezdufourq/Library/Application Support/
MiKTeX/texmfs/install/fonts/type1/public/amsfonts/cm/cmsl12.pfb></Users/jezdufo
urq/Library/Application Support/MiKTeX/texmfs/install/fonts/type1/public/amsfon
ts/cm/cmsy10.pfb></Users/jezdufourq/Library/Application Support/MiKTeX/texmfs/i
nstall/fonts/type1/public/amsfonts/cm/cmsy6.pfb></Users/jezdufourq/Library/Appl
ication Support/MiKTeX/texmfs/install/fonts/type1/public/amsfonts/cm/cmsy8.pfb>
</Users/jezdufourq/Library/Application Support/MiKTeX/texmfs/install/fonts/type
1/public/amsfonts/cm/cmti12.pfb></Users/jezdufourq/Library/Application Support/
MiKTeX/texmfs/install/fonts/type1/public/amsfonts/cm/cmtt12.pfb></Users/jezdufo
urq/Library/Application Support/MiKTeX/texmfs/install/fonts/type1/public/amsfon
ts/symbols/msam10.pfb>
Output written on "European Option-1.pdf" (16 pages, 231517 bytes).
PDF statistics:
 122 PDF objects out of 1000 (max. 8388607)
 0 named destinations out of 1000 (max. 500000)
 1 words of extra memory for PDF output out of 10000 (max. 10000000)

